<?xml version="1.0" encoding="UTF-8"?>
<testsuite name="com.cg.MoodTest" tests="1" skipped="0" failures="0" errors="0" timestamp="2020-10-07T19:18:58" hostname="DESKTOP-A3NGCO2" time="0.001">
  <properties/>
  <testcase name="givenMessage_whenNull_returnHAPPY" classname="com.cg.MoodTest" time="0.001"/>
  <system-out><![CDATA[]]></system-out>
  <system-err><![CDATA[]]></system-err>
</testsuite>
